<?xml version="1.0" encoding="UTF-8"?>
<!-- Generated by org.testng.reporters.JUnitXMLReporter -->
<testsuite ignored="0" hostname="DineshBalaji" failures="0" tests="3" name="Default test" time="78.69" errors="0" timestamp="2025-06-06T07:55:28 IST">
  <testcase classname="rahulshettyacademy.tests.StandAloneTest" name="SubmitOrder" time="20.993"/>
  <testcase classname="rahulshettyacademy.tests.StandAloneTest" name="SubmitOrder" time="21.121"/>
  <testcase classname="rahulshettyacademy.tests.StandAloneTest" name="orderHistoryTest" time="0.703"/>
</testsuite> <!-- Default test -->
