<?xml version="1.0" encoding="UTF-8"?>
<!-- Generated by org.testng.reporters.JUnitXMLReporter -->
<testsuite ignored="1" hostname="DineshBalaji" failures="0" tests="2" name="Submit Order Test" time="69.737" errors="0" timestamp="2025-03-30T19:10:47 IST">
  <testcase classname="rahulshettyacademy.tests.StandAloneTest" name="SubmitOrder" time="20.374"/>
  <testcase classname="rahulshettyacademy.tests.StandAloneTest" name="SubmitOrder" time="20.057"/>
  <testcase classname="rahulshettyacademy.tests.StandAloneTest" name="orderHistoryTest" time="0.0">
    <ignored/>
  </testcase> <!-- orderHistoryTest -->
</testsuite> <!-- Submit Order Test -->
