<?xml version="1.0" encoding="UTF-8"?>
<testng-results ignored="0" total="3" passed="3" failed="0" skipped="0">
  <reporter-output>
  </reporter-output>
  <suite started-at="2025-06-06T07:54:09 IST" name="Default suite" finished-at="2025-06-06T07:55:28 IST" duration-ms="78690">
    <groups>
      <group name="Purchase">
        <method signature="StandAloneTest.SubmitOrder(java.util.HashMap)[pri:0, instance:rahulshettyacademy.tests.StandAloneTest@7a8c8dcf]" name="SubmitOrder" class="rahulshettyacademy.tests.StandAloneTest"/>
      </group> <!-- Purchase -->
    </groups>
    <test started-at="2025-06-06T07:54:09 IST" name="Default test" finished-at="2025-06-06T07:55:28 IST" duration-ms="78690">
      <class name="rahulshettyacademy.tests.StandAloneTest">
        <test-method is-config="true" signature="launchApplication()[pri:0, instance:rahulshettyacademy.tests.StandAloneTest@7a8c8dcf]" started-at="2025-06-06T07:54:09 IST" name="launchApplication" finished-at="2025-06-06T07:54:31 IST" duration-ms="21845" status="PASS">
          <reporter-output>
          </reporter-output>
        </test-method> <!-- launchApplication -->
        <test-method signature="SubmitOrder(java.util.HashMap)[pri:0, instance:rahulshettyacademy.tests.StandAloneTest@7a8c8dcf]" started-at="2025-06-06T07:54:31 IST" name="SubmitOrder" data-provider="getData" finished-at="2025-06-06T07:54:52 IST" duration-ms="20993" status="PASS">
          <params>
            <param index="0">
              <value>
                <![CDATA[{password=Dinesh@2001, email=dineshbalaji@gmail.com, productName=ZARA COAT 3}]]>
              </value>
            </param>
          </params>
          <reporter-output>
          </reporter-output>
        </test-method> <!-- SubmitOrder -->
        <test-method is-config="true" signature="tearDown()[pri:0, instance:rahulshettyacademy.tests.StandAloneTest@7a8c8dcf]" started-at="2025-06-06T07:54:52 IST" name="tearDown" finished-at="2025-06-06T07:54:54 IST" duration-ms="2261" status="PASS">
          <reporter-output>
          </reporter-output>
        </test-method> <!-- tearDown -->
        <test-method is-config="true" signature="launchApplication()[pri:0, instance:rahulshettyacademy.tests.StandAloneTest@7a8c8dcf]" started-at="2025-06-06T07:54:54 IST" name="launchApplication" finished-at="2025-06-06T07:54:58 IST" duration-ms="3545" status="PASS">
          <reporter-output>
          </reporter-output>
        </test-method> <!-- launchApplication -->
        <test-method signature="SubmitOrder(java.util.HashMap)[pri:0, instance:rahulshettyacademy.tests.StandAloneTest@7a8c8dcf]" started-at="2025-06-06T07:54:58 IST" name="SubmitOrder" data-provider="getData" finished-at="2025-06-06T07:55:19 IST" duration-ms="21121" status="PASS">
          <params>
            <param index="0">
              <value>
                <![CDATA[{password=Mari@1976, email=marichetty@gmail.com, productName=ADIDAS ORIGINAL}]]>
              </value>
            </param>
          </params>
          <reporter-output>
          </reporter-output>
        </test-method> <!-- SubmitOrder -->
        <test-method is-config="true" signature="tearDown()[pri:0, instance:rahulshettyacademy.tests.StandAloneTest@7a8c8dcf]" started-at="2025-06-06T07:55:19 IST" name="tearDown" finished-at="2025-06-06T07:55:21 IST" duration-ms="2663" status="PASS">
          <reporter-output>
          </reporter-output>
        </test-method> <!-- tearDown -->
        <test-method is-config="true" signature="launchApplication()[pri:0, instance:rahulshettyacademy.tests.StandAloneTest@7a8c8dcf]" started-at="2025-06-06T07:55:21 IST" name="launchApplication" finished-at="2025-06-06T07:55:25 IST" duration-ms="3212" status="PASS">
          <reporter-output>
          </reporter-output>
        </test-method> <!-- launchApplication -->
        <test-method signature="orderHistoryTest()[pri:0, instance:rahulshettyacademy.tests.StandAloneTest@7a8c8dcf]" started-at="2025-06-06T07:55:25 IST" name="orderHistoryTest" finished-at="2025-06-06T07:55:25 IST" depends-on-methods="rahulshettyacademy.tests.StandAloneTest.SubmitOrder" duration-ms="703" status="PASS">
          <reporter-output>
          </reporter-output>
        </test-method> <!-- orderHistoryTest -->
        <test-method is-config="true" signature="tearDown()[pri:0, instance:rahulshettyacademy.tests.StandAloneTest@7a8c8dcf]" started-at="2025-06-06T07:55:25 IST" name="tearDown" finished-at="2025-06-06T07:55:28 IST" duration-ms="2241" status="PASS">
          <reporter-output>
          </reporter-output>
        </test-method> <!-- tearDown -->
      </class> <!-- rahulshettyacademy.tests.StandAloneTest -->
    </test> <!-- Default test -->
  </suite> <!-- Default suite -->
</testng-results>
